This file contains any messages produced by compilers while
running configure, to aid debugging if configure makes a mistake.

It was created by newlib configure 4.1.0, which was
generated by GNU Autoconf 2.68.  Invocation command line was

  $ ../../../../.././newlib/libc/sys/configure --disable-option-checking --prefix=/usr/local --with-multisubdir=thumb --with-multisrctop= --with-newlib --enable-multilib --with-cross-host=x86_64-pc-linux-gnu --disable-newlib-supplied-syscalls --disable-libgloss --disable-nls --program-transform-name=s&^&arm-none-eabi-& --with-target-subdir=arm-none-eabi --build=x86_64-pc-linux-gnu --host=arm-none-eabi --target=arm-none-eabi build_alias=x86_64-pc-linux-gnu host_alias=arm-none-eabi target_alias=arm-none-eabi CC=arm-none-eabi-gcc -B/home/nav/workspace/code/stm32f100/projects/025_Newlib_hello/newlib-build/newlib-cygwin/arm-none-eabi/newlib/ -isystem /home/nav/workspace/code/stm32f100/projects/025_Newlib_hello/newlib-build/newlib-cygwin/arm-none-eabi/newlib/targ-include -isystem /home/nav/workspace/code/stm32f100/projects/025_Newlib_hello/newlib-build/newlib-cygwin/newlib/libc/include    CFLAGS=-g -O2 -DSMALL_MEMORY LDFLAGS= CPPFLAGS= CC=arm-none-eabi-gcc -B/home/nav/workspace/code/stm32f100/projects/025_Newlib_hello/newlib-build/newlib-cygwin/arm-none-eabi/thumb/newlib/ -isystem /home/nav/workspace/code/stm32f100/projects/025_Newlib_hello/newlib-build/newlib-cygwin/arm-none-eabi/thumb/newlib/targ-include -isystem /home/nav/workspace/code/stm32f100/projects/025_Newlib_hello/newlib-build/newlib-cygwin/newlib/libc/include  -mthumb CXX=arm-none-eabi-c++ -B/home/nav/workspace/code/stm32f100/projects/025_Newlib_hello/newlib-build/newlib-cygwin/arm-none-eabi/thumb/newlib/ -isystem /home/nav/workspace/code/stm32f100/projects/025_Newlib_hello/newlib-build/newlib-cygwin/arm-none-eabi/thumb/newlib/targ-include -isystem /home/nav/workspace/code/stm32f100/projects/025_Newlib_hello/newlib-build/newlib-cygwin/newlib/libc/include  -mthumb F77= -mthumb GCJ=arm-none-eabi-gcj -B/home/nav/workspace/code/stm32f100/projects/025_Newlib_hello/newlib-build/newlib-cygwin/arm-none-eabi/thumb/newlib/ -isystem /home/nav/workspace/code/stm32f100/projects/025_Newlib_hello/newlib-build/newlib-cygwin/arm-none-eabi/thumb/newlib/targ-include -isystem /home/nav/workspace/code/stm32f100/projects/025_Newlib_hello/newlib-build/newlib-cygwin/newlib/libc/include  -mthumb GFORTRAN=arm-none-eabi-gfortran -B/home/nav/workspace/code/stm32f100/projects/025_Newlib_hello/newlib-build/newlib-cygwin/arm-none-eabi/thumb/newlib/ -isystem /home/nav/workspace/code/stm32f100/projects/025_Newlib_hello/newlib-build/newlib-cygwin/arm-none-eabi/thumb/newlib/targ-include -isystem /home/nav/workspace/code/stm32f100/projects/025_Newlib_hello/newlib-build/newlib-cygwin/newlib/libc/include  -mthumb GOC=arm-none-eabi-gccgo -B/home/nav/workspace/code/stm32f100/projects/025_Newlib_hello/newlib-build/newlib-cygwin/arm-none-eabi/thumb/newlib/ -isystem /home/nav/workspace/code/stm32f100/projects/025_Newlib_hello/newlib-build/newlib-cygwin/arm-none-eabi/thumb/newlib/targ-include -isystem /home/nav/workspace/code/stm32f100/projects/025_Newlib_hello/newlib-build/newlib-cygwin/newlib/libc/include  -mthumb LD_LIBRARY_PATH= --cache-file=../.././config.cache --srcdir=../../../../.././newlib/libc/sys

## --------- ##
## Platform. ##
## --------- ##

hostname = gensek
uname -m = x86_64
uname -r = 5.10.76-gentoo-r1-x86_64
uname -s = Linux
uname -v = #1 SMP Thu Nov 25 14:53:55 EET 2021

/usr/bin/uname -p = AMD Ryzen 5 3500U with Radeon Vega Mobile Gfx
/bin/uname -X     = unknown

/bin/arch              = unknown
/usr/bin/arch -k       = unknown
/usr/convex/getsysinfo = unknown
/usr/bin/hostinfo      = unknown
/bin/machine           = unknown
/usr/bin/oslevel       = unknown
/bin/universe          = unknown

PATH: /home/nav/workspace/scripts
PATH: /home/nav/.local/bin
PATH: /home/nav/.gem/ruby/2.6.0/bin
PATH: /home/nav/.bin
PATH: /usr/local/bin
PATH: /usr/local/sbin
PATH: /usr/local/bin
PATH: /usr/sbin
PATH: /usr/bin
PATH: /sbin
PATH: /bin
PATH: /opt/bin
PATH: /usr/lib/llvm/13/bin
PATH: /usr/lib/llvm/10/bin


## ----------- ##
## Core tests. ##
## ----------- ##

configure:2085: loading cache ../.././config.cache
configure:2203: checking build system type
configure:2217: result: x86_64-pc-linux-gnu
configure:2237: checking host system type
configure:2250: result: arm-none-eabi
configure:2286: checking for a BSD-compatible install
configure:2354: result: /usr/bin/install -c
configure:2365: checking whether build environment is sane
configure:2415: result: yes
configure:2464: checking for arm-none-eabi-strip
configure:2491: result: arm-none-eabi-strip
configure:2556: checking for a thread-safe mkdir -p
configure:2595: result: /bin/mkdir -p
configure:2608: checking for gawk
configure:2635: result: gawk
configure:2646: checking whether make sets $(MAKE)
configure:2668: result: yes
configure:2698: checking for style of include used by make
configure:2726: result: GNU
configure:2948: checking for gcc
configure:2975: result: arm-none-eabi-gcc -B/home/nav/workspace/code/stm32f100/projects/025_Newlib_hello/newlib-build/newlib-cygwin/arm-none-eabi/thumb/newlib/ -isystem /home/nav/workspace/code/stm32f100/projects/025_Newlib_hello/newlib-build/newlib-cygwin/arm-none-eabi/thumb/newlib/targ-include -isystem /home/nav/workspace/code/stm32f100/projects/025_Newlib_hello/newlib-build/newlib-cygwin/newlib/libc/include  -mthumb
configure:2986: checking dependency style of arm-none-eabi-gcc -B/home/nav/workspace/code/stm32f100/projects/025_Newlib_hello/newlib-build/newlib-cygwin/arm-none-eabi/thumb/newlib/ -isystem /home/nav/workspace/code/stm32f100/projects/025_Newlib_hello/newlib-build/newlib-cygwin/arm-none-eabi/thumb/newlib/targ-include -isystem /home/nav/workspace/code/stm32f100/projects/025_Newlib_hello/newlib-build/newlib-cygwin/newlib/libc/include  -mthumb
configure:3097: result: gcc3
configure:3170: checking whether we are using GNU C
configure:3191: result: yes
configure:3200: checking whether arm-none-eabi-gcc -B/home/nav/workspace/code/stm32f100/projects/025_Newlib_hello/newlib-build/newlib-cygwin/arm-none-eabi/thumb/newlib/ -isystem /home/nav/workspace/code/stm32f100/projects/025_Newlib_hello/newlib-build/newlib-cygwin/arm-none-eabi/thumb/newlib/targ-include -isystem /home/nav/workspace/code/stm32f100/projects/025_Newlib_hello/newlib-build/newlib-cygwin/newlib/libc/include  -mthumb accepts -g
configure:3261: result: no
configure:3294: checking for arm-none-eabi-as
configure:3321: result: arm-none-eabi-as
configure:3386: checking for arm-none-eabi-ar
configure:3413: result: arm-none-eabi-ar
configure:3478: checking for arm-none-eabi-ranlib
configure:3505: result: arm-none-eabi-ranlib
configure:3570: checking for arm-none-eabi-readelf
configure:3597: result: arm-none-eabi-readelf
configure:3666: checking whether to enable maintainer-specific portions of Makefiles
configure:3675: result: no
configure:3789: checking for a sed that does not truncate output
configure:3853: result: /bin/sed
configure:3875: checking how to print strings
configure:3902: result: printf
configure:12101: creating ./config.status

## ---------------------- ##
## Running config.status. ##
## ---------------------- ##

This file was extended by newlib config.status 4.1.0, which was
generated by GNU Autoconf 2.68.  Invocation command line was

  CONFIG_FILES    = 
  CONFIG_HEADERS  = 
  CONFIG_LINKS    = 
  CONFIG_COMMANDS = 
  $ ./config.status 

on gensek

config.status:1034: creating Makefile
config.status:1191: executing depfiles commands
configure:14220: === configuring in arm (/home/nav/workspace/code/stm32f100/projects/025_Newlib_hello/newlib-build/newlib-cygwin/arm-none-eabi/thumb/newlib/libc/sys/arm)
configure:14283: running /bin/sh ../../../../../.././newlib/libc/sys/arm/configure --disable-option-checking '--prefix=/usr/local'  '--with-multisubdir=thumb' '--with-multisrctop=' '--with-newlib' '--enable-multilib' '--with-cross-host=x86_64-pc-linux-gnu' '--disable-newlib-supplied-syscalls' '--disable-libgloss' '--disable-nls' '--program-transform-name=s&^&arm-none-eabi-&' '--with-target-subdir=arm-none-eabi' '--build=x86_64-pc-linux-gnu' '--host=arm-none-eabi' '--target=arm-none-eabi' 'build_alias=x86_64-pc-linux-gnu' 'host_alias=arm-none-eabi' 'target_alias=arm-none-eabi' 'CC=arm-none-eabi-gcc -B/home/nav/workspace/code/stm32f100/projects/025_Newlib_hello/newlib-build/newlib-cygwin/arm-none-eabi/newlib/ -isystem /home/nav/workspace/code/stm32f100/projects/025_Newlib_hello/newlib-build/newlib-cygwin/arm-none-eabi/newlib/targ-include -isystem /home/nav/workspace/code/stm32f100/projects/025_Newlib_hello/newlib-build/newlib-cygwin/newlib/libc/include   ' 'CFLAGS=-g -O2 -DSMALL_MEMORY' 'LDFLAGS=' 'CPPFLAGS=' 'CC=arm-none-eabi-gcc -B/home/nav/workspace/code/stm32f100/projects/025_Newlib_hello/newlib-build/newlib-cygwin/arm-none-eabi/thumb/newlib/ -isystem /home/nav/workspace/code/stm32f100/projects/025_Newlib_hello/newlib-build/newlib-cygwin/arm-none-eabi/thumb/newlib/targ-include -isystem /home/nav/workspace/code/stm32f100/projects/025_Newlib_hello/newlib-build/newlib-cygwin/newlib/libc/include  -mthumb' 'CXX=arm-none-eabi-c++ -B/home/nav/workspace/code/stm32f100/projects/025_Newlib_hello/newlib-build/newlib-cygwin/arm-none-eabi/thumb/newlib/ -isystem /home/nav/workspace/code/stm32f100/projects/025_Newlib_hello/newlib-build/newlib-cygwin/arm-none-eabi/thumb/newlib/targ-include -isystem /home/nav/workspace/code/stm32f100/projects/025_Newlib_hello/newlib-build/newlib-cygwin/newlib/libc/include  -mthumb' 'F77= -mthumb' 'GCJ=arm-none-eabi-gcj -B/home/nav/workspace/code/stm32f100/projects/025_Newlib_hello/newlib-build/newlib-cygwin/arm-none-eabi/thumb/newlib/ -isystem /home/nav/workspace/code/stm32f100/projects/025_Newlib_hello/newlib-build/newlib-cygwin/arm-none-eabi/thumb/newlib/targ-include -isystem /home/nav/workspace/code/stm32f100/projects/025_Newlib_hello/newlib-build/newlib-cygwin/newlib/libc/include  -mthumb' 'GFORTRAN=arm-none-eabi-gfortran -B/home/nav/workspace/code/stm32f100/projects/025_Newlib_hello/newlib-build/newlib-cygwin/arm-none-eabi/thumb/newlib/ -isystem /home/nav/workspace/code/stm32f100/projects/025_Newlib_hello/newlib-build/newlib-cygwin/arm-none-eabi/thumb/newlib/targ-include -isystem /home/nav/workspace/code/stm32f100/projects/025_Newlib_hello/newlib-build/newlib-cygwin/newlib/libc/include  -mthumb' 'GOC=arm-none-eabi-gccgo -B/home/nav/workspace/code/stm32f100/projects/025_Newlib_hello/newlib-build/newlib-cygwin/arm-none-eabi/thumb/newlib/ -isystem /home/nav/workspace/code/stm32f100/projects/025_Newlib_hello/newlib-build/newlib-cygwin/arm-none-eabi/thumb/newlib/targ-include -isystem /home/nav/workspace/code/stm32f100/projects/025_Newlib_hello/newlib-build/newlib-cygwin/newlib/libc/include  -mthumb' 'LD_LIBRARY_PATH=' --cache-file=../../.././config.cache --srcdir=../../../../../.././newlib/libc/sys/arm

## ---------------- ##
## Cache variables. ##
## ---------------- ##

ac_cv_build=x86_64-pc-linux-gnu
ac_cv_c_compiler_gnu=yes
ac_cv_env_CCASFLAGS_set=
ac_cv_env_CCASFLAGS_value=
ac_cv_env_CCAS_set=
ac_cv_env_CCAS_value=
ac_cv_env_CC_set=set
ac_cv_env_CC_value='arm-none-eabi-gcc -B/home/nav/workspace/code/stm32f100/projects/025_Newlib_hello/newlib-build/newlib-cygwin/arm-none-eabi/thumb/newlib/ -isystem /home/nav/workspace/code/stm32f100/projects/025_Newlib_hello/newlib-build/newlib-cygwin/arm-none-eabi/thumb/newlib/targ-include -isystem /home/nav/workspace/code/stm32f100/projects/025_Newlib_hello/newlib-build/newlib-cygwin/newlib/libc/include  -mthumb'
ac_cv_env_CFLAGS_set=set
ac_cv_env_CFLAGS_value='-g -O2 -DSMALL_MEMORY'
ac_cv_env_CPPFLAGS_set=set
ac_cv_env_CPPFLAGS_value=
ac_cv_env_CPP_set=
ac_cv_env_CPP_value=
ac_cv_env_LDFLAGS_set=set
ac_cv_env_LDFLAGS_value=
ac_cv_env_LIBS_set=
ac_cv_env_LIBS_value=
ac_cv_env_build_alias_set=set
ac_cv_env_build_alias_value=x86_64-pc-linux-gnu
ac_cv_env_host_alias_set=set
ac_cv_env_host_alias_value=arm-none-eabi
ac_cv_env_target_alias_set=set
ac_cv_env_target_alias_value=arm-none-eabi
ac_cv_host=arm-none-eabi
ac_cv_path_SED=/bin/sed
ac_cv_path_mkdir=/bin/mkdir
ac_cv_prog_AR=arm-none-eabi-ar
ac_cv_prog_AS=arm-none-eabi-as
ac_cv_prog_AWK=gawk
ac_cv_prog_CC='arm-none-eabi-gcc -B/home/nav/workspace/code/stm32f100/projects/025_Newlib_hello/newlib-build/newlib-cygwin/arm-none-eabi/thumb/newlib/ -isystem /home/nav/workspace/code/stm32f100/projects/025_Newlib_hello/newlib-build/newlib-cygwin/arm-none-eabi/thumb/newlib/targ-include -isystem /home/nav/workspace/code/stm32f100/projects/025_Newlib_hello/newlib-build/newlib-cygwin/newlib/libc/include  -mthumb'
ac_cv_prog_RANLIB=arm-none-eabi-ranlib
ac_cv_prog_READELF=arm-none-eabi-readelf
ac_cv_prog_STRIP=arm-none-eabi-strip
ac_cv_prog_cc_g=no
ac_cv_prog_make_make_set=yes
acnewlib_cv_type_long_double=yes
am_cv_CC_dependencies_compiler_type=gcc3
libc_cv_cc_loop_to_function=yes
libc_cv_initfinit_array=yes
newlib_cv_build_exeext=no
newlib_cv_ldbl_eq_dbl=yes

## ----------------- ##
## Output variables. ##
## ----------------- ##

ACLOCAL='${SHELL} /home/nav/workspace/code/stm32f100/projects/025_Newlib_hello/newlib-build/newlib-cygwin/missing --run aclocal-1.11'
AMDEPBACKSLASH='\'
AMDEP_FALSE='#'
AMDEP_TRUE=''
AMTAR='$${TAR-tar}'
AR='arm-none-eabi-ar'
AS='arm-none-eabi-as'
AUTOCONF='${SHELL} /home/nav/workspace/code/stm32f100/projects/025_Newlib_hello/newlib-build/newlib-cygwin/missing --run autoconf'
AUTOHEADER='${SHELL} /home/nav/workspace/code/stm32f100/projects/025_Newlib_hello/newlib-build/newlib-cygwin/missing --run autoheader'
AUTOMAKE='${SHELL} /home/nav/workspace/code/stm32f100/projects/025_Newlib_hello/newlib-build/newlib-cygwin/missing --run automake-1.11'
AWK='gawk'
CC='arm-none-eabi-gcc -B/home/nav/workspace/code/stm32f100/projects/025_Newlib_hello/newlib-build/newlib-cygwin/arm-none-eabi/thumb/newlib/ -isystem /home/nav/workspace/code/stm32f100/projects/025_Newlib_hello/newlib-build/newlib-cygwin/arm-none-eabi/thumb/newlib/targ-include -isystem /home/nav/workspace/code/stm32f100/projects/025_Newlib_hello/newlib-build/newlib-cygwin/newlib/libc/include  -mthumb'
CCAS='arm-none-eabi-gcc -B/home/nav/workspace/code/stm32f100/projects/025_Newlib_hello/newlib-build/newlib-cygwin/arm-none-eabi/thumb/newlib/ -isystem /home/nav/workspace/code/stm32f100/projects/025_Newlib_hello/newlib-build/newlib-cygwin/arm-none-eabi/thumb/newlib/targ-include -isystem /home/nav/workspace/code/stm32f100/projects/025_Newlib_hello/newlib-build/newlib-cygwin/newlib/libc/include  -mthumb'
CCASFLAGS='-g -O2 -DSMALL_MEMORY'
CCDEPMODE='depmode=gcc3'
CFLAGS='-g -O2 -DSMALL_MEMORY'
CPP=''
CPPFLAGS=''
CRT0=''
CYGPATH_W='echo'
DEFS='-DPACKAGE_NAME=\"newlib\" -DPACKAGE_TARNAME=\"newlib\" -DPACKAGE_VERSION=\"4.1.0\" -DPACKAGE_STRING=\"newlib\ 4.1.0\" -DPACKAGE_BUGREPORT=\"\" -DPACKAGE_URL=\"\"'
DEPDIR='.deps'
DLLTOOL='arm-none-eabi-dlltool'
DSYMUTIL=''
DUMPBIN=''
ECHO_C=''
ECHO_N='-n'
ECHO_T=''
EGREP=''
ELIX_LEVEL_0_FALSE='#'
ELIX_LEVEL_0_TRUE=''
ELIX_LEVEL_1_FALSE=''
ELIX_LEVEL_1_TRUE='#'
ELIX_LEVEL_2_FALSE=''
ELIX_LEVEL_2_TRUE='#'
ELIX_LEVEL_3_FALSE=''
ELIX_LEVEL_3_TRUE='#'
ELIX_LEVEL_4_FALSE=''
ELIX_LEVEL_4_TRUE='#'
EXEEXT=''
FGREP=''
GREP=''
HAVE_SYS_DIR_FALSE='#'
HAVE_SYS_DIR_TRUE=''
INSTALL_DATA='/usr/bin/install -c -m 644'
INSTALL_PROGRAM='/usr/bin/install -c'
INSTALL_SCRIPT='/usr/bin/install -c'
INSTALL_STRIP_PROGRAM='$(install_sh) -c -s'
LD='arm-none-eabi-ld'
LDFLAGS=''
LIBOBJS=''
LIBS=''
LIBTOOL=''
LIPO='arm-none-eabi-lipo'
LN_S=''
LTLIBOBJS=''
MAINT='#'
MAINTAINER_MODE_FALSE=''
MAINTAINER_MODE_TRUE='#'
MAKEINFO='makeinfo --split-size=5000000'
MAY_SUPPLY_SYSCALLS_FALSE=''
MAY_SUPPLY_SYSCALLS_TRUE='#'
MKDIR_P='/bin/mkdir -p'
NEWLIB_CFLAGS='-D_LIBC -fno-builtin -D__NO_SYSCALLS__ -DHAVE_INIT_FINI'
NM='arm-none-eabi-nm'
NMEDIT=''
NO_INCLUDE_LIST=' rpc/types.h rpc/xdr.h'
OBJDUMP='arm-none-eabi-objdump'
OBJEXT='o'
OTOOL64=''
OTOOL=''
PACKAGE='newlib'
PACKAGE_BUGREPORT=''
PACKAGE_NAME='newlib'
PACKAGE_STRING='newlib 4.1.0'
PACKAGE_TARNAME='newlib'
PACKAGE_URL=''
PACKAGE_VERSION='4.1.0'
PATH_SEPARATOR=':'
RANLIB='arm-none-eabi-ranlib'
READELF='arm-none-eabi-readelf'
SED='/bin/sed'
SET_MAKE=''
SHELL='/bin/sh'
STRIP='arm-none-eabi-strip'
USE_LIBTOOL_FALSE=''
USE_LIBTOOL_TRUE='#'
VERSION='4.1.0'
ac_ct_CC=''
ac_ct_DUMPBIN=''
aext='a'
am__EXEEXT_FALSE=''
am__EXEEXT_TRUE='#'
am__fastdepCC_FALSE='#'
am__fastdepCC_TRUE=''
am__include='include'
am__isrc=' -I$(srcdir)'
am__leading_dot='.'
am__nodep='_no'
am__quote=''
am__tar='$${TAR-tar} chof - "$$tardir"'
am__untar='$${TAR-tar} xf -'
bindir='${exec_prefix}/bin'
build='x86_64-pc-linux-gnu'
build_alias='x86_64-pc-linux-gnu'
build_cpu='x86_64'
build_os='linux-gnu'
build_vendor='pc'
datadir='${datarootdir}'
datarootdir='${prefix}/share'
docdir='${datarootdir}/doc/${PACKAGE_TARNAME}'
dvidir='${docdir}'
exec_prefix='${prefix}'
host='arm-none-eabi'
host_alias='arm-none-eabi'
host_cpu='arm'
host_os='eabi'
host_vendor='none'
htmldir='${docdir}'
includedir='${prefix}/include'
infodir='${datarootdir}/info'
install_sh='${SHELL} /home/nav/workspace/code/stm32f100/projects/025_Newlib_hello/newlib-build/newlib-cygwin/install-sh'
libdir='${exec_prefix}/lib'
libexecdir='${exec_prefix}/libexec'
libm_machine_dir='arm'
localedir='${datarootdir}/locale'
localstatedir='${prefix}/var'
lpfx='lib_a-'
machine_dir='arm'
mandir='${datarootdir}/man'
mkdir_p='/bin/mkdir -p'
newlib_basedir='../../../../.././newlib/libc/sys/../..'
oext='o'
oldincludedir='/usr/include'
pdfdir='${docdir}'
prefix='/usr/local'
program_transform_name='s&^&arm-none-eabi-&'
psdir='${docdir}'
sbindir='${exec_prefix}/sbin'
sharedstatedir='${prefix}/com'
subdirs=' arm'
sys_dir='arm'
sysconfdir='${prefix}/etc'
target_alias='arm-none-eabi'

## ----------- ##
## confdefs.h. ##
## ----------- ##

/* confdefs.h */
#define PACKAGE_NAME "newlib"
#define PACKAGE_TARNAME "newlib"
#define PACKAGE_VERSION "4.1.0"
#define PACKAGE_STRING "newlib 4.1.0"
#define PACKAGE_BUGREPORT ""
#define PACKAGE_URL ""

configure: exit 0
