This file contains any messages produced by compilers while
running configure, to aid debugging if configure makes a mistake.

It was created by newlib configure 4.1.0, which was
generated by GNU Autoconf 2.68.  Invocation command line was

  $ ../../.././newlib/libc/configure --disable-option-checking --prefix=/usr/local --with-newlib --enable-multilib --with-cross-host=x86_64-pc-linux-gnu --disable-newlib-supplied-syscalls --disable-libgloss --disable-nls --program-transform-name=s&^&arm-none-eabi-& --with-target-subdir=arm-none-eabi --build=x86_64-pc-linux-gnu --host=arm-none-eabi --target=arm-none-eabi build_alias=x86_64-pc-linux-gnu host_alias=arm-none-eabi target_alias=arm-none-eabi CC=arm-none-eabi-gcc -B/home/nav/workspace/code/stm32f100/projects/025_Newlib_hello/newlib-build/newlib-cygwin/arm-none-eabi/newlib/ -isystem /home/nav/workspace/code/stm32f100/projects/025_Newlib_hello/newlib-build/newlib-cygwin/arm-none-eabi/newlib/targ-include -isystem /home/nav/workspace/code/stm32f100/projects/025_Newlib_hello/newlib-build/newlib-cygwin/newlib/libc/include    CFLAGS=-g -O2 -DSMALL_MEMORY LDFLAGS= CPPFLAGS= --cache-file=.././config.cache --srcdir=../../.././newlib/libc

## --------- ##
## Platform. ##
## --------- ##

hostname = gensek
uname -m = x86_64
uname -r = 5.10.76-gentoo-r1-x86_64
uname -s = Linux
uname -v = #1 SMP Thu Nov 25 14:53:55 EET 2021

/usr/bin/uname -p = AMD Ryzen 5 3500U with Radeon Vega Mobile Gfx
/bin/uname -X     = unknown

/bin/arch              = unknown
/usr/bin/arch -k       = unknown
/usr/convex/getsysinfo = unknown
/usr/bin/hostinfo      = unknown
/bin/machine           = unknown
/usr/bin/oslevel       = unknown
/bin/universe          = unknown

PATH: /home/nav/workspace/scripts
PATH: /home/nav/.local/bin
PATH: /home/nav/.gem/ruby/2.6.0/bin
PATH: /home/nav/.bin
PATH: /usr/local/bin
PATH: /usr/local/sbin
PATH: /usr/local/bin
PATH: /usr/sbin
PATH: /usr/bin
PATH: /sbin
PATH: /bin
PATH: /opt/bin
PATH: /usr/lib/llvm/13/bin
PATH: /usr/lib/llvm/10/bin


## ----------- ##
## Core tests. ##
## ----------- ##

configure:2106: loading cache .././config.cache
configure:2287: checking build system type
configure:2301: result: x86_64-pc-linux-gnu
configure:2321: checking host system type
configure:2334: result: arm-none-eabi
configure:2370: checking for a BSD-compatible install
configure:2438: result: /usr/bin/install -c
configure:2449: checking whether build environment is sane
configure:2499: result: yes
configure:2548: checking for arm-none-eabi-strip
configure:2575: result: arm-none-eabi-strip
configure:2640: checking for a thread-safe mkdir -p
configure:2679: result: /bin/mkdir -p
configure:2692: checking for gawk
configure:2719: result: gawk
configure:2730: checking whether make sets $(MAKE)
configure:2752: result: yes
configure:2782: checking for style of include used by make
configure:2810: result: GNU
configure:3032: checking for gcc
configure:3059: result: arm-none-eabi-gcc -B/home/nav/workspace/code/stm32f100/projects/025_Newlib_hello/newlib-build/newlib-cygwin/arm-none-eabi/newlib/ -isystem /home/nav/workspace/code/stm32f100/projects/025_Newlib_hello/newlib-build/newlib-cygwin/arm-none-eabi/newlib/targ-include -isystem /home/nav/workspace/code/stm32f100/projects/025_Newlib_hello/newlib-build/newlib-cygwin/newlib/libc/include   
configure:3070: checking dependency style of arm-none-eabi-gcc -B/home/nav/workspace/code/stm32f100/projects/025_Newlib_hello/newlib-build/newlib-cygwin/arm-none-eabi/newlib/ -isystem /home/nav/workspace/code/stm32f100/projects/025_Newlib_hello/newlib-build/newlib-cygwin/arm-none-eabi/newlib/targ-include -isystem /home/nav/workspace/code/stm32f100/projects/025_Newlib_hello/newlib-build/newlib-cygwin/newlib/libc/include   
configure:3181: result: gcc3
configure:3254: checking whether we are using GNU C
configure:3275: result: yes
configure:3284: checking whether arm-none-eabi-gcc -B/home/nav/workspace/code/stm32f100/projects/025_Newlib_hello/newlib-build/newlib-cygwin/arm-none-eabi/newlib/ -isystem /home/nav/workspace/code/stm32f100/projects/025_Newlib_hello/newlib-build/newlib-cygwin/arm-none-eabi/newlib/targ-include -isystem /home/nav/workspace/code/stm32f100/projects/025_Newlib_hello/newlib-build/newlib-cygwin/newlib/libc/include    accepts -g
configure:3345: result: no
configure:3378: checking for arm-none-eabi-as
configure:3405: result: arm-none-eabi-as
configure:3470: checking for arm-none-eabi-ar
configure:3497: result: arm-none-eabi-ar
configure:3562: checking for arm-none-eabi-ranlib
configure:3589: result: arm-none-eabi-ranlib
configure:3654: checking for arm-none-eabi-readelf
configure:3681: result: arm-none-eabi-readelf
configure:3750: checking whether to enable maintainer-specific portions of Makefiles
configure:3759: result: no
configure:3883: checking for a sed that does not truncate output
configure:3947: result: /bin/sed
configure:3969: checking how to print strings
configure:3996: result: printf
configure:12090: checking Checking long double support
configure:12114: result: yes
configure:12389: creating ./config.status

## ---------------------- ##
## Running config.status. ##
## ---------------------- ##

This file was extended by newlib config.status 4.1.0, which was
generated by GNU Autoconf 2.68.  Invocation command line was

  CONFIG_FILES    = 
  CONFIG_HEADERS  = 
  CONFIG_LINKS    = 
  CONFIG_COMMANDS = 
  $ ./config.status 

on gensek

config.status:1097: creating Makefile
config.status:1097: creating argz/Makefile
config.status:1097: creating ctype/Makefile
config.status:1097: creating errno/Makefile
config.status:1097: creating locale/Makefile
config.status:1097: creating misc/Makefile
config.status:1097: creating reent/Makefile
config.status:1097: creating search/Makefile
config.status:1097: creating stdio/Makefile
config.status:1097: creating stdio64/Makefile
config.status:1097: creating stdlib/Makefile
config.status:1097: creating string/Makefile
config.status:1097: creating time/Makefile
config.status:1097: creating posix/Makefile
config.status:1097: creating signal/Makefile
config.status:1097: creating syscalls/Makefile
config.status:1097: creating unix/Makefile
config.status:1097: creating iconv/Makefile
config.status:1097: creating iconv/ces/Makefile
config.status:1097: creating iconv/ccs/Makefile
config.status:1097: creating iconv/ccs/binary/Makefile
config.status:1097: creating iconv/lib/Makefile
config.status:1097: creating ssp/Makefile
config.status:1097: creating xdr/Makefile
config.status:1254: executing depfiles commands
configure:14531: === configuring in machine (/home/nav/workspace/code/stm32f100/projects/025_Newlib_hello/newlib-build/newlib-cygwin/arm-none-eabi/newlib/libc/machine)
configure:14594: running /bin/sh ../../../.././newlib/libc/machine/configure --disable-option-checking '--prefix=/usr/local'  '--with-newlib' '--enable-multilib' '--with-cross-host=x86_64-pc-linux-gnu' '--disable-newlib-supplied-syscalls' '--disable-libgloss' '--disable-nls' '--program-transform-name=s&^&arm-none-eabi-&' '--with-target-subdir=arm-none-eabi' '--build=x86_64-pc-linux-gnu' '--host=arm-none-eabi' '--target=arm-none-eabi' 'build_alias=x86_64-pc-linux-gnu' 'host_alias=arm-none-eabi' 'target_alias=arm-none-eabi' 'CC=arm-none-eabi-gcc -B/home/nav/workspace/code/stm32f100/projects/025_Newlib_hello/newlib-build/newlib-cygwin/arm-none-eabi/newlib/ -isystem /home/nav/workspace/code/stm32f100/projects/025_Newlib_hello/newlib-build/newlib-cygwin/arm-none-eabi/newlib/targ-include -isystem /home/nav/workspace/code/stm32f100/projects/025_Newlib_hello/newlib-build/newlib-cygwin/newlib/libc/include   ' 'CFLAGS=-g -O2 -DSMALL_MEMORY' 'LDFLAGS=' 'CPPFLAGS=' --cache-file=../.././config.cache --srcdir=../../../.././newlib/libc/machine
configure:14531: === configuring in sys (/home/nav/workspace/code/stm32f100/projects/025_Newlib_hello/newlib-build/newlib-cygwin/arm-none-eabi/newlib/libc/sys)
configure:14594: running /bin/sh ../../../.././newlib/libc/sys/configure --disable-option-checking '--prefix=/usr/local'  '--with-newlib' '--enable-multilib' '--with-cross-host=x86_64-pc-linux-gnu' '--disable-newlib-supplied-syscalls' '--disable-libgloss' '--disable-nls' '--program-transform-name=s&^&arm-none-eabi-&' '--with-target-subdir=arm-none-eabi' '--build=x86_64-pc-linux-gnu' '--host=arm-none-eabi' '--target=arm-none-eabi' 'build_alias=x86_64-pc-linux-gnu' 'host_alias=arm-none-eabi' 'target_alias=arm-none-eabi' 'CC=arm-none-eabi-gcc -B/home/nav/workspace/code/stm32f100/projects/025_Newlib_hello/newlib-build/newlib-cygwin/arm-none-eabi/newlib/ -isystem /home/nav/workspace/code/stm32f100/projects/025_Newlib_hello/newlib-build/newlib-cygwin/arm-none-eabi/newlib/targ-include -isystem /home/nav/workspace/code/stm32f100/projects/025_Newlib_hello/newlib-build/newlib-cygwin/newlib/libc/include   ' 'CFLAGS=-g -O2 -DSMALL_MEMORY' 'LDFLAGS=' 'CPPFLAGS=' --cache-file=../.././config.cache --srcdir=../../../.././newlib/libc/sys

## ---------------- ##
## Cache variables. ##
## ---------------- ##

ac_cv_build=x86_64-pc-linux-gnu
ac_cv_c_compiler_gnu=yes
ac_cv_env_CCASFLAGS_set=
ac_cv_env_CCASFLAGS_value=
ac_cv_env_CCAS_set=
ac_cv_env_CCAS_value=
ac_cv_env_CC_set=set
ac_cv_env_CC_value='arm-none-eabi-gcc -B/home/nav/workspace/code/stm32f100/projects/025_Newlib_hello/newlib-build/newlib-cygwin/arm-none-eabi/newlib/ -isystem /home/nav/workspace/code/stm32f100/projects/025_Newlib_hello/newlib-build/newlib-cygwin/arm-none-eabi/newlib/targ-include -isystem /home/nav/workspace/code/stm32f100/projects/025_Newlib_hello/newlib-build/newlib-cygwin/newlib/libc/include   '
ac_cv_env_CFLAGS_set=set
ac_cv_env_CFLAGS_value='-g -O2 -DSMALL_MEMORY'
ac_cv_env_CPPFLAGS_set=set
ac_cv_env_CPPFLAGS_value=
ac_cv_env_CPP_set=
ac_cv_env_CPP_value=
ac_cv_env_LDFLAGS_set=set
ac_cv_env_LDFLAGS_value=
ac_cv_env_LIBS_set=
ac_cv_env_LIBS_value=
ac_cv_env_build_alias_set=set
ac_cv_env_build_alias_value=x86_64-pc-linux-gnu
ac_cv_env_host_alias_set=set
ac_cv_env_host_alias_value=arm-none-eabi
ac_cv_env_target_alias_set=set
ac_cv_env_target_alias_value=arm-none-eabi
ac_cv_host=arm-none-eabi
ac_cv_path_SED=/bin/sed
ac_cv_path_mkdir=/bin/mkdir
ac_cv_prog_AR=arm-none-eabi-ar
ac_cv_prog_AS=arm-none-eabi-as
ac_cv_prog_AWK=gawk
ac_cv_prog_CC='arm-none-eabi-gcc -B/home/nav/workspace/code/stm32f100/projects/025_Newlib_hello/newlib-build/newlib-cygwin/arm-none-eabi/newlib/ -isystem /home/nav/workspace/code/stm32f100/projects/025_Newlib_hello/newlib-build/newlib-cygwin/arm-none-eabi/newlib/targ-include -isystem /home/nav/workspace/code/stm32f100/projects/025_Newlib_hello/newlib-build/newlib-cygwin/newlib/libc/include   '
ac_cv_prog_RANLIB=arm-none-eabi-ranlib
ac_cv_prog_READELF=arm-none-eabi-readelf
ac_cv_prog_STRIP=arm-none-eabi-strip
ac_cv_prog_cc_g=no
ac_cv_prog_make_make_set=yes
acnewlib_cv_type_long_double=yes
am_cv_CC_dependencies_compiler_type=gcc3
libc_cv_cc_loop_to_function=yes
libc_cv_initfinit_array=yes
newlib_cv_build_exeext=no
newlib_cv_ldbl_eq_dbl=yes

## ----------------- ##
## Output variables. ##
## ----------------- ##

ACLOCAL='${SHELL} /home/nav/workspace/code/stm32f100/projects/025_Newlib_hello/newlib-build/newlib-cygwin/missing --run aclocal-1.11'
AMDEPBACKSLASH='\'
AMDEP_FALSE='#'
AMDEP_TRUE=''
AMTAR='$${TAR-tar}'
AR='arm-none-eabi-ar'
AS='arm-none-eabi-as'
AUTOCONF='${SHELL} /home/nav/workspace/code/stm32f100/projects/025_Newlib_hello/newlib-build/newlib-cygwin/missing --run autoconf'
AUTOHEADER='${SHELL} /home/nav/workspace/code/stm32f100/projects/025_Newlib_hello/newlib-build/newlib-cygwin/missing --run autoheader'
AUTOMAKE='${SHELL} /home/nav/workspace/code/stm32f100/projects/025_Newlib_hello/newlib-build/newlib-cygwin/missing --run automake-1.11'
AWK='gawk'
CC='arm-none-eabi-gcc -B/home/nav/workspace/code/stm32f100/projects/025_Newlib_hello/newlib-build/newlib-cygwin/arm-none-eabi/newlib/ -isystem /home/nav/workspace/code/stm32f100/projects/025_Newlib_hello/newlib-build/newlib-cygwin/arm-none-eabi/newlib/targ-include -isystem /home/nav/workspace/code/stm32f100/projects/025_Newlib_hello/newlib-build/newlib-cygwin/newlib/libc/include   '
CCAS='arm-none-eabi-gcc -B/home/nav/workspace/code/stm32f100/projects/025_Newlib_hello/newlib-build/newlib-cygwin/arm-none-eabi/newlib/ -isystem /home/nav/workspace/code/stm32f100/projects/025_Newlib_hello/newlib-build/newlib-cygwin/arm-none-eabi/newlib/targ-include -isystem /home/nav/workspace/code/stm32f100/projects/025_Newlib_hello/newlib-build/newlib-cygwin/newlib/libc/include   '
CCASFLAGS='-g -O2 -DSMALL_MEMORY'
CCDEPMODE='depmode=gcc3'
CFLAGS='-g -O2 -DSMALL_MEMORY'
CPP=''
CPPFLAGS=''
CRT0=''
CYGPATH_W='echo'
DEFS='-DPACKAGE_NAME=\"newlib\" -DPACKAGE_TARNAME=\"newlib\" -DPACKAGE_VERSION=\"4.1.0\" -DPACKAGE_STRING=\"newlib\ 4.1.0\" -DPACKAGE_BUGREPORT=\"\" -DPACKAGE_URL=\"\"'
DEPDIR='.deps'
DLLTOOL='arm-none-eabi-dlltool'
DSYMUTIL=''
DUMPBIN=''
ECHO_C=''
ECHO_N='-n'
ECHO_T=''
EGREP=''
ELIX_LEVEL_0_FALSE='#'
ELIX_LEVEL_0_TRUE=''
ELIX_LEVEL_1_FALSE=''
ELIX_LEVEL_1_TRUE='#'
ELIX_LEVEL_2_FALSE=''
ELIX_LEVEL_2_TRUE='#'
ELIX_LEVEL_3_FALSE=''
ELIX_LEVEL_3_TRUE='#'
ELIX_LEVEL_4_FALSE=''
ELIX_LEVEL_4_TRUE='#'
ENABLE_NEWLIB_ICONV_FALSE=''
ENABLE_NEWLIB_ICONV_TRUE='#'
EXEEXT=''
FGREP=''
GREP=''
HAVE_LONG_DOUBLE_FALSE='#'
HAVE_LONG_DOUBLE_TRUE=''
HAVE_POSIX_DIR_FALSE=''
HAVE_POSIX_DIR_TRUE='#'
HAVE_SIGNAL_DIR_FALSE='#'
HAVE_SIGNAL_DIR_TRUE=''
HAVE_STDIO64_DIR_FALSE=''
HAVE_STDIO64_DIR_TRUE='#'
HAVE_STDIO_DIR_FALSE='#'
HAVE_STDIO_DIR_TRUE=''
HAVE_SYSCALL_DIR_FALSE='#'
HAVE_SYSCALL_DIR_TRUE=''
HAVE_UNIX_DIR_FALSE=''
HAVE_UNIX_DIR_TRUE='#'
HAVE_XDR_DIR_FALSE=''
HAVE_XDR_DIR_TRUE='#'
INSTALL_DATA='/usr/bin/install -c -m 644'
INSTALL_PROGRAM='/usr/bin/install -c'
INSTALL_SCRIPT='/usr/bin/install -c'
INSTALL_STRIP_PROGRAM='$(install_sh) -c -s'
LD='arm-none-eabi-ld'
LDFLAGS=''
LIBC_EXTRA_DEF=''
LIBC_EXTRA_LIB=''
LIBC_MACHINE_LIB='machine/lib.a'
LIBC_POSIX_DEF=''
LIBC_POSIX_LIB=''
LIBC_SIGNAL_DEF='signal/stmp-def'
LIBC_SIGNAL_LIB='signal/lib.a'
LIBC_STDIO64_DEF=''
LIBC_STDIO64_LIB=''
LIBC_STDIO_DEF='stdio/stmp-def'
LIBC_STDIO_LIB='stdio/lib.a'
LIBC_SYSCALL_LIB='syscalls/lib.a'
LIBC_SYS_LIB='sys/lib.a'
LIBC_UNIX_LIB=''
LIBC_XDR_DEF=''
LIBC_XDR_LIB=''
LIBOBJS=''
LIBS=''
LIBTOOL=''
LIPO='arm-none-eabi-lipo'
LN_S=''
LTLIBOBJS=''
MAINT='#'
MAINTAINER_MODE_FALSE=''
MAINTAINER_MODE_TRUE='#'
MAKEINFO='makeinfo --split-size=5000000'
MAY_SUPPLY_SYSCALLS_FALSE=''
MAY_SUPPLY_SYSCALLS_TRUE='#'
MKDIR_P='/bin/mkdir -p'
NEWLIB_CFLAGS='-D_LIBC -fno-builtin -D__NO_SYSCALLS__ -DHAVE_INIT_FINI'
NEWLIB_NANO_FORMATTED_IO_FALSE=''
NEWLIB_NANO_FORMATTED_IO_TRUE='#'
NEWLIB_NANO_MALLOC_FALSE=''
NEWLIB_NANO_MALLOC_TRUE='#'
NEWLIB_RETARGETABLE_LOCKING_FALSE=''
NEWLIB_RETARGETABLE_LOCKING_TRUE='#'
NM='arm-none-eabi-nm'
NMEDIT=''
NO_INCLUDE_LIST=' rpc/types.h rpc/xdr.h'
OBJDUMP='arm-none-eabi-objdump'
OBJEXT='o'
OTOOL64=''
OTOOL=''
PACKAGE='newlib'
PACKAGE_BUGREPORT=''
PACKAGE_NAME='newlib'
PACKAGE_STRING='newlib 4.1.0'
PACKAGE_TARNAME='newlib'
PACKAGE_URL=''
PACKAGE_VERSION='4.1.0'
PATH_SEPARATOR=':'
RANLIB='arm-none-eabi-ranlib'
READELF='arm-none-eabi-readelf'
SED='/bin/sed'
SET_MAKE=''
SHELL='/bin/sh'
STRIP='arm-none-eabi-strip'
USE_LIBTOOL_FALSE=''
USE_LIBTOOL_TRUE='#'
VERSION='4.1.0'
ac_ct_CC=''
ac_ct_DUMPBIN=''
aext='a'
am__EXEEXT_FALSE=''
am__EXEEXT_TRUE='#'
am__fastdepCC_FALSE='#'
am__fastdepCC_TRUE=''
am__include='include'
am__isrc=' -I$(srcdir)'
am__leading_dot='.'
am__nodep='_no'
am__quote=''
am__tar='$${TAR-tar} chof - "$$tardir"'
am__untar='$${TAR-tar} xf -'
bindir='${exec_prefix}/bin'
build='x86_64-pc-linux-gnu'
build_alias='x86_64-pc-linux-gnu'
build_cpu='x86_64'
build_os='linux-gnu'
build_vendor='pc'
datadir='${datarootdir}'
datarootdir='${prefix}/share'
docdir='${datarootdir}/doc/${PACKAGE_TARNAME}'
dvidir='${docdir}'
exec_prefix='${prefix}'
extra_dir=''
host='arm-none-eabi'
host_alias='arm-none-eabi'
host_cpu='arm'
host_os='eabi'
host_vendor='none'
htmldir='${docdir}'
includedir='${prefix}/include'
infodir='${datarootdir}/info'
install_sh='${SHELL} /home/nav/workspace/code/stm32f100/projects/025_Newlib_hello/newlib-build/newlib-cygwin/install-sh'
libdir='${exec_prefix}/lib'
libexecdir='${exec_prefix}/libexec'
libm_machine_dir='arm'
localedir='${datarootdir}/locale'
localstatedir='${prefix}/var'
lpfx='lib_a-'
machine_dir='arm'
mandir='${datarootdir}/man'
mkdir_p='/bin/mkdir -p'
newlib_basedir='../../.././newlib/libc/..'
oext='o'
oldincludedir='/usr/include'
pdfdir='${docdir}'
prefix='/usr/local'
program_transform_name='s&^&arm-none-eabi-&'
psdir='${docdir}'
sbindir='${exec_prefix}/sbin'
shared_machine_dir=''
sharedstatedir='${prefix}/com'
subdirs=' machine sys'
sys_dir='arm'
sysconfdir='${prefix}/etc'
target_alias='arm-none-eabi'

## ----------- ##
## confdefs.h. ##
## ----------- ##

/* confdefs.h */
#define PACKAGE_NAME "newlib"
#define PACKAGE_TARNAME "newlib"
#define PACKAGE_VERSION "4.1.0"
#define PACKAGE_STRING "newlib 4.1.0"
#define PACKAGE_BUGREPORT ""
#define PACKAGE_URL ""

configure: exit 0
