This file contains any messages produced by compilers while
running configure, to aid debugging if configure makes a mistake.

It was created by newlib configure 4.1.0, which was
generated by GNU Autoconf 2.69.  Invocation command line was

  $ ../../../../../.././newlib/configure --with-multisubdir=arm/autofp/v5te/fpu --with-multisrctop= --enable-multilib --srcdir=../.././newlib --cache-file=./config.cache --with-newlib --enable-multilib --with-cross-host=x86_64-pc-linux-gnu --disable-newlib-supplied-syscalls --disable-libgloss --disable-nls --program-transform-name=s&^&arm-none-eabi-& --disable-option-checking --with-target-subdir=arm-none-eabi --build=x86_64-pc-linux-gnu --host=arm-none-eabi --target=arm-none-eabi build_alias=x86_64-pc-linux-gnu host_alias=arm-none-eabi target_alias=arm-none-eabi CC=arm-none-eabi-gcc -B/home/nav/workspace/code/stm32f100/projects/025_Newlib_hello/newlib-build/newlib-cygwin/arm-none-eabi/newlib/ -isystem /home/nav/workspace/code/stm32f100/projects/025_Newlib_hello/newlib-build/newlib-cygwin/arm-none-eabi/newlib/targ-include -isystem /home/nav/workspace/code/stm32f100/projects/025_Newlib_hello/newlib-build/newlib-cygwin/newlib/libc/include    CFLAGS=-g -O2 -DSMALL_MEMORY LDFLAGS= CPPFLAGS= CC=arm-none-eabi-gcc -B/home/nav/workspace/code/stm32f100/projects/025_Newlib_hello/newlib-build/newlib-cygwin/arm-none-eabi/arm/autofp/v5te/fpu/newlib/ -isystem /home/nav/workspace/code/stm32f100/projects/025_Newlib_hello/newlib-build/newlib-cygwin/arm-none-eabi/arm/autofp/v5te/fpu/newlib/targ-include -isystem /home/nav/workspace/code/stm32f100/projects/025_Newlib_hello/newlib-build/newlib-cygwin/newlib/libc/include  -marm -mfpu=auto -march=armv5te+fp -mfloat-abi=hard CXX=arm-none-eabi-c++ -B/home/nav/workspace/code/stm32f100/projects/025_Newlib_hello/newlib-build/newlib-cygwin/arm-none-eabi/arm/autofp/v5te/fpu/newlib/ -isystem /home/nav/workspace/code/stm32f100/projects/025_Newlib_hello/newlib-build/newlib-cygwin/arm-none-eabi/arm/autofp/v5te/fpu/newlib/targ-include -isystem /home/nav/workspace/code/stm32f100/projects/025_Newlib_hello/newlib-build/newlib-cygwin/newlib/libc/include  -marm -mfpu=auto -march=armv5te+fp -mfloat-abi=hard F77= -marm -mfpu=auto -march=armv5te+fp -mfloat-abi=hard GCJ=arm-none-eabi-gcj -B/home/nav/workspace/code/stm32f100/projects/025_Newlib_hello/newlib-build/newlib-cygwin/arm-none-eabi/arm/autofp/v5te/fpu/newlib/ -isystem /home/nav/workspace/code/stm32f100/projects/025_Newlib_hello/newlib-build/newlib-cygwin/arm-none-eabi/arm/autofp/v5te/fpu/newlib/targ-include -isystem /home/nav/workspace/code/stm32f100/projects/025_Newlib_hello/newlib-build/newlib-cygwin/newlib/libc/include  -marm -mfpu=auto -march=armv5te+fp -mfloat-abi=hard GFORTRAN=arm-none-eabi-gfortran -B/home/nav/workspace/code/stm32f100/projects/025_Newlib_hello/newlib-build/newlib-cygwin/arm-none-eabi/arm/autofp/v5te/fpu/newlib/ -isystem /home/nav/workspace/code/stm32f100/projects/025_Newlib_hello/newlib-build/newlib-cygwin/arm-none-eabi/arm/autofp/v5te/fpu/newlib/targ-include -isystem /home/nav/workspace/code/stm32f100/projects/025_Newlib_hello/newlib-build/newlib-cygwin/newlib/libc/include  -marm -mfpu=auto -march=armv5te+fp -mfloat-abi=hard GOC=arm-none-eabi-gccgo -B/home/nav/workspace/code/stm32f100/projects/025_Newlib_hello/newlib-build/newlib-cygwin/arm-none-eabi/arm/autofp/v5te/fpu/newlib/ -isystem /home/nav/workspace/code/stm32f100/projects/025_Newlib_hello/newlib-build/newlib-cygwin/arm-none-eabi/arm/autofp/v5te/fpu/newlib/targ-include -isystem /home/nav/workspace/code/stm32f100/projects/025_Newlib_hello/newlib-build/newlib-cygwin/newlib/libc/include  -marm -mfpu=auto -march=armv5te+fp -mfloat-abi=hard LD_LIBRARY_PATH= -srcdir=../../../../../.././newlib

## --------- ##
## Platform. ##
## --------- ##

hostname = gensek
uname -m = x86_64
uname -r = 5.10.76-gentoo-r1-x86_64
uname -s = Linux
uname -v = #1 SMP Thu Nov 25 14:53:55 EET 2021

/usr/bin/uname -p = AMD Ryzen 5 3500U with Radeon Vega Mobile Gfx
/bin/uname -X     = unknown

/bin/arch              = unknown
/usr/bin/arch -k       = unknown
/usr/convex/getsysinfo = unknown
/usr/bin/hostinfo      = unknown
/bin/machine           = unknown
/usr/bin/oslevel       = unknown
/bin/universe          = unknown

PATH: /home/nav/workspace/scripts
PATH: /home/nav/.local/bin
PATH: /home/nav/.gem/ruby/2.6.0/bin
PATH: /home/nav/.bin
PATH: /usr/local/bin
PATH: /usr/local/sbin
PATH: /usr/local/bin
PATH: /usr/sbin
PATH: /usr/bin
PATH: /sbin
PATH: /bin
PATH: /opt/bin
PATH: /usr/lib/llvm/13/bin
PATH: /usr/lib/llvm/10/bin


## ----------- ##
## Core tests. ##
## ----------- ##

configure:2175: creating cache ./config.cache
configure:2585: checking build system type
configure:2599: result: x86_64-pc-linux-gnu
configure:2619: checking host system type
configure:2632: result: arm-none-eabi
configure:2668: checking for a BSD-compatible install
configure:2736: result: /usr/bin/install -c
configure:2747: checking whether build environment is sane
configure:2797: result: yes
configure:2846: checking for arm-none-eabi-strip
configure:2873: result: arm-none-eabi-strip
configure:2938: checking for a thread-safe mkdir -p
configure:2977: result: /bin/mkdir -p
configure:2990: checking for gawk
configure:3017: result: gawk
configure:3028: checking whether make sets $(MAKE)
configure:3050: result: yes
configure:3080: checking for style of include used by make
configure:3108: result: GNU
configure:3330: checking for gcc
configure:3357: result: arm-none-eabi-gcc -B/home/nav/workspace/code/stm32f100/projects/025_Newlib_hello/newlib-build/newlib-cygwin/arm-none-eabi/arm/autofp/v5te/fpu/newlib/ -isystem /home/nav/workspace/code/stm32f100/projects/025_Newlib_hello/newlib-build/newlib-cygwin/arm-none-eabi/arm/autofp/v5te/fpu/newlib/targ-include -isystem /home/nav/workspace/code/stm32f100/projects/025_Newlib_hello/newlib-build/newlib-cygwin/newlib/libc/include  -marm -mfpu=auto -march=armv5te+fp -mfloat-abi=hard
configure:3368: checking dependency style of arm-none-eabi-gcc -B/home/nav/workspace/code/stm32f100/projects/025_Newlib_hello/newlib-build/newlib-cygwin/arm-none-eabi/arm/autofp/v5te/fpu/newlib/ -isystem /home/nav/workspace/code/stm32f100/projects/025_Newlib_hello/newlib-build/newlib-cygwin/arm-none-eabi/arm/autofp/v5te/fpu/newlib/targ-include -isystem /home/nav/workspace/code/stm32f100/projects/025_Newlib_hello/newlib-build/newlib-cygwin/newlib/libc/include  -marm -mfpu=auto -march=armv5te+fp -mfloat-abi=hard
configure:3479: result: gcc3
configure:3552: checking whether we are using GNU C
configure:3563: arm-none-eabi-gcc -B/home/nav/workspace/code/stm32f100/projects/025_Newlib_hello/newlib-build/newlib-cygwin/arm-none-eabi/arm/autofp/v5te/fpu/newlib/ -isystem /home/nav/workspace/code/stm32f100/projects/025_Newlib_hello/newlib-build/newlib-cygwin/arm-none-eabi/arm/autofp/v5te/fpu/newlib/targ-include -isystem /home/nav/workspace/code/stm32f100/projects/025_Newlib_hello/newlib-build/newlib-cygwin/newlib/libc/include  -marm -mfpu=auto -march=armv5te+fp -mfloat-abi=hard -E conftest.c
configure:3566: $? = 0
configure:3573: result: yes
configure:3582: checking whether arm-none-eabi-gcc -B/home/nav/workspace/code/stm32f100/projects/025_Newlib_hello/newlib-build/newlib-cygwin/arm-none-eabi/arm/autofp/v5te/fpu/newlib/ -isystem /home/nav/workspace/code/stm32f100/projects/025_Newlib_hello/newlib-build/newlib-cygwin/arm-none-eabi/arm/autofp/v5te/fpu/newlib/targ-include -isystem /home/nav/workspace/code/stm32f100/projects/025_Newlib_hello/newlib-build/newlib-cygwin/newlib/libc/include  -marm -mfpu=auto -march=armv5te+fp -mfloat-abi=hard accepts -g
configure:3602: arm-none-eabi-gcc -B/home/nav/workspace/code/stm32f100/projects/025_Newlib_hello/newlib-build/newlib-cygwin/arm-none-eabi/arm/autofp/v5te/fpu/newlib/ -isystem /home/nav/workspace/code/stm32f100/projects/025_Newlib_hello/newlib-build/newlib-cygwin/arm-none-eabi/arm/autofp/v5te/fpu/newlib/targ-include -isystem /home/nav/workspace/code/stm32f100/projects/025_Newlib_hello/newlib-build/newlib-cygwin/newlib/libc/include  -marm -mfpu=auto -march=armv5te+fp -mfloat-abi=hard -c -g  conftest.c >&5
configure:3602: $? = 0
configure: failed program was:
| /* confdefs.h */
| #define PACKAGE_NAME "newlib"
| #define PACKAGE_TARNAME "newlib"
| #define PACKAGE_VERSION "4.1.0"
| #define PACKAGE_STRING "newlib 4.1.0"
| #define PACKAGE_BUGREPORT ""
| #define PACKAGE_URL ""
| /* end confdefs.h.  */
| 
| int
| main ()
| {
| 
|   ;
|   return 0;
| }
configure:3617: arm-none-eabi-gcc -B/home/nav/workspace/code/stm32f100/projects/025_Newlib_hello/newlib-build/newlib-cygwin/arm-none-eabi/arm/autofp/v5te/fpu/newlib/ -isystem /home/nav/workspace/code/stm32f100/projects/025_Newlib_hello/newlib-build/newlib-cygwin/arm-none-eabi/arm/autofp/v5te/fpu/newlib/targ-include -isystem /home/nav/workspace/code/stm32f100/projects/025_Newlib_hello/newlib-build/newlib-cygwin/newlib/libc/include  -marm -mfpu=auto -march=armv5te+fp -mfloat-abi=hard -c   conftest.c >&5
configure:3617: $? = 0
configure: failed program was:
| /* confdefs.h */
| #define PACKAGE_NAME "newlib"
| #define PACKAGE_TARNAME "newlib"
| #define PACKAGE_VERSION "4.1.0"
| #define PACKAGE_STRING "newlib 4.1.0"
| #define PACKAGE_BUGREPORT ""
| #define PACKAGE_URL ""
| /* end confdefs.h.  */
| 
| int
| main ()
| {
| 
|   ;
|   return 0;
| }
configure:3633: arm-none-eabi-gcc -B/home/nav/workspace/code/stm32f100/projects/025_Newlib_hello/newlib-build/newlib-cygwin/arm-none-eabi/arm/autofp/v5te/fpu/newlib/ -isystem /home/nav/workspace/code/stm32f100/projects/025_Newlib_hello/newlib-build/newlib-cygwin/arm-none-eabi/arm/autofp/v5te/fpu/newlib/targ-include -isystem /home/nav/workspace/code/stm32f100/projects/025_Newlib_hello/newlib-build/newlib-cygwin/newlib/libc/include  -marm -mfpu=auto -march=armv5te+fp -mfloat-abi=hard -c -g  conftest.c >&5
configure:3633: $? = 0
configure: failed program was:
| /* confdefs.h */
| #define PACKAGE_NAME "newlib"
| #define PACKAGE_TARNAME "newlib"
| #define PACKAGE_VERSION "4.1.0"
| #define PACKAGE_STRING "newlib 4.1.0"
| #define PACKAGE_BUGREPORT ""
| #define PACKAGE_URL ""
| /* end confdefs.h.  */
| 
| int
| main ()
| {
| 
|   ;
|   return 0;
| }
configure:3643: result: no
configure:3676: checking for arm-none-eabi-as
configure:3703: result: arm-none-eabi-as
configure:3768: checking for arm-none-eabi-ar
configure:3795: result: arm-none-eabi-ar
configure:3860: checking for arm-none-eabi-ranlib
configure:3887: result: arm-none-eabi-ranlib
configure:3952: checking for arm-none-eabi-readelf
configure:3979: result: arm-none-eabi-readelf
configure:4048: checking whether to enable maintainer-specific portions of Makefiles
configure:4057: result: no
configure:4172: checking for a sed that does not truncate output
configure:4236: result: /bin/sed
configure:4258: checking how to print strings
configure:4285: result: printf
configure:4310: checking for gawk
configure:4337: result: gawk
configure:12412: checking for build system executable suffix
cc1: fatal error: am_c_test.c: No such file or directory
compilation terminated.
configure:12427: result: no
configure:12715: checking for .preinit_array/.init_array/.fini_array support
configure:12728: arm-none-eabi-gcc -B/home/nav/workspace/code/stm32f100/projects/025_Newlib_hello/newlib-build/newlib-cygwin/arm-none-eabi/arm/autofp/v5te/fpu/newlib/ -isystem /home/nav/workspace/code/stm32f100/projects/025_Newlib_hello/newlib-build/newlib-cygwin/arm-none-eabi/arm/autofp/v5te/fpu/newlib/targ-include -isystem /home/nav/workspace/code/stm32f100/projects/025_Newlib_hello/newlib-build/newlib-cygwin/newlib/libc/include  -marm -mfpu=auto -march=armv5te+fp -mfloat-abi=hard -g -O2 -DSMALL_MEMORY  -c -o conftest conftest.c
							1>&5
configure:12731: $? = 0
configure:12744: result: yes
configure:12755: checking if arm-none-eabi-gcc -B/home/nav/workspace/code/stm32f100/projects/025_Newlib_hello/newlib-build/newlib-cygwin/arm-none-eabi/arm/autofp/v5te/fpu/newlib/ -isystem /home/nav/workspace/code/stm32f100/projects/025_Newlib_hello/newlib-build/newlib-cygwin/arm-none-eabi/arm/autofp/v5te/fpu/newlib/targ-include -isystem /home/nav/workspace/code/stm32f100/projects/025_Newlib_hello/newlib-build/newlib-cygwin/newlib/libc/include  -marm -mfpu=auto -march=armv5te+fp -mfloat-abi=hard accepts -fno-tree-loop-distribute-patterns with __attribute__ ((__optimize__))
configure:12769: arm-none-eabi-gcc -B/home/nav/workspace/code/stm32f100/projects/025_Newlib_hello/newlib-build/newlib-cygwin/arm-none-eabi/arm/autofp/v5te/fpu/newlib/ -isystem /home/nav/workspace/code/stm32f100/projects/025_Newlib_hello/newlib-build/newlib-cygwin/arm-none-eabi/arm/autofp/v5te/fpu/newlib/targ-include -isystem /home/nav/workspace/code/stm32f100/projects/025_Newlib_hello/newlib-build/newlib-cygwin/newlib/libc/include  -marm -mfpu=auto -march=armv5te+fp -mfloat-abi=hard -g -O2 -DSMALL_MEMORY  -c
			    -fno-tree-loop-distribute-patterns conftest.c
configure:12772: $? = 0
configure:12779: result: yes
configure:12787: checking whether long double type exists
configure:12807: arm-none-eabi-gcc -B/home/nav/workspace/code/stm32f100/projects/025_Newlib_hello/newlib-build/newlib-cygwin/arm-none-eabi/arm/autofp/v5te/fpu/newlib/ -isystem /home/nav/workspace/code/stm32f100/projects/025_Newlib_hello/newlib-build/newlib-cygwin/arm-none-eabi/arm/autofp/v5te/fpu/newlib/targ-include -isystem /home/nav/workspace/code/stm32f100/projects/025_Newlib_hello/newlib-build/newlib-cygwin/newlib/libc/include  -marm -mfpu=auto -march=armv5te+fp -mfloat-abi=hard -g -O2 -DSMALL_MEMORY  -c -o conftest.o conftest.c
							1>&5
configure:12810: $? = 0
configure:12819: result: yes
configure:12836: checking whether long double equals double
configure:12852: arm-none-eabi-gcc -B/home/nav/workspace/code/stm32f100/projects/025_Newlib_hello/newlib-build/newlib-cygwin/arm-none-eabi/arm/autofp/v5te/fpu/newlib/ -isystem /home/nav/workspace/code/stm32f100/projects/025_Newlib_hello/newlib-build/newlib-cygwin/arm-none-eabi/arm/autofp/v5te/fpu/newlib/targ-include -isystem /home/nav/workspace/code/stm32f100/projects/025_Newlib_hello/newlib-build/newlib-cygwin/newlib/libc/include  -marm -mfpu=auto -march=armv5te+fp -mfloat-abi=hard -g -O2 -DSMALL_MEMORY  -c -o conftest.o conftest.c
							1>&5
configure:12855: $? = 0
configure:12864: result: yes
configure:12934: updating cache ./config.cache
configure:13055: creating ./config.status

## ---------------------- ##
## Running config.status. ##
## ---------------------- ##

This file was extended by newlib config.status 4.1.0, which was
generated by GNU Autoconf 2.69.  Invocation command line was

  CONFIG_FILES    = 
  CONFIG_HEADERS  = 
  CONFIG_LINKS    = 
  CONFIG_COMMANDS = 
  $ ./config.status 

on gensek

config.status:1146: creating Makefile
config.status:1146: creating _newlib_version.h
config.status:1146: creating newlib.h
config.status:1360: executing depfiles commands
configure:15363: === configuring in libc (/home/nav/workspace/code/stm32f100/projects/025_Newlib_hello/newlib-build/newlib-cygwin/arm-none-eabi/arm/autofp/v5te/fpu/newlib/libc)
configure:15426: running /bin/sh ../../../../../../.././newlib/libc/configure --disable-option-checking '--prefix=/usr/local'  '--with-multisubdir=arm/autofp/v5te/fpu' '--with-multisrctop=' '--with-newlib' '--enable-multilib' '--with-cross-host=x86_64-pc-linux-gnu' '--disable-newlib-supplied-syscalls' '--disable-libgloss' '--disable-nls' '--program-transform-name=s&^&arm-none-eabi-&' '--with-target-subdir=arm-none-eabi' '--build=x86_64-pc-linux-gnu' '--host=arm-none-eabi' '--target=arm-none-eabi' 'build_alias=x86_64-pc-linux-gnu' 'host_alias=arm-none-eabi' 'target_alias=arm-none-eabi' 'CC=arm-none-eabi-gcc -B/home/nav/workspace/code/stm32f100/projects/025_Newlib_hello/newlib-build/newlib-cygwin/arm-none-eabi/newlib/ -isystem /home/nav/workspace/code/stm32f100/projects/025_Newlib_hello/newlib-build/newlib-cygwin/arm-none-eabi/newlib/targ-include -isystem /home/nav/workspace/code/stm32f100/projects/025_Newlib_hello/newlib-build/newlib-cygwin/newlib/libc/include   ' 'CFLAGS=-g -O2 -DSMALL_MEMORY' 'LDFLAGS=' 'CPPFLAGS=' 'CC=arm-none-eabi-gcc -B/home/nav/workspace/code/stm32f100/projects/025_Newlib_hello/newlib-build/newlib-cygwin/arm-none-eabi/arm/autofp/v5te/fpu/newlib/ -isystem /home/nav/workspace/code/stm32f100/projects/025_Newlib_hello/newlib-build/newlib-cygwin/arm-none-eabi/arm/autofp/v5te/fpu/newlib/targ-include -isystem /home/nav/workspace/code/stm32f100/projects/025_Newlib_hello/newlib-build/newlib-cygwin/newlib/libc/include  -marm -mfpu=auto -march=armv5te+fp -mfloat-abi=hard' 'CXX=arm-none-eabi-c++ -B/home/nav/workspace/code/stm32f100/projects/025_Newlib_hello/newlib-build/newlib-cygwin/arm-none-eabi/arm/autofp/v5te/fpu/newlib/ -isystem /home/nav/workspace/code/stm32f100/projects/025_Newlib_hello/newlib-build/newlib-cygwin/arm-none-eabi/arm/autofp/v5te/fpu/newlib/targ-include -isystem /home/nav/workspace/code/stm32f100/projects/025_Newlib_hello/newlib-build/newlib-cygwin/newlib/libc/include  -marm -mfpu=auto -march=armv5te+fp -mfloat-abi=hard' 'F77= -marm -mfpu=auto -march=armv5te+fp -mfloat-abi=hard' 'GCJ=arm-none-eabi-gcj -B/home/nav/workspace/code/stm32f100/projects/025_Newlib_hello/newlib-build/newlib-cygwin/arm-none-eabi/arm/autofp/v5te/fpu/newlib/ -isystem /home/nav/workspace/code/stm32f100/projects/025_Newlib_hello/newlib-build/newlib-cygwin/arm-none-eabi/arm/autofp/v5te/fpu/newlib/targ-include -isystem /home/nav/workspace/code/stm32f100/projects/025_Newlib_hello/newlib-build/newlib-cygwin/newlib/libc/include  -marm -mfpu=auto -march=armv5te+fp -mfloat-abi=hard' 'GFORTRAN=arm-none-eabi-gfortran -B/home/nav/workspace/code/stm32f100/projects/025_Newlib_hello/newlib-build/newlib-cygwin/arm-none-eabi/arm/autofp/v5te/fpu/newlib/ -isystem /home/nav/workspace/code/stm32f100/projects/025_Newlib_hello/newlib-build/newlib-cygwin/arm-none-eabi/arm/autofp/v5te/fpu/newlib/targ-include -isystem /home/nav/workspace/code/stm32f100/projects/025_Newlib_hello/newlib-build/newlib-cygwin/newlib/libc/include  -marm -mfpu=auto -march=armv5te+fp -mfloat-abi=hard' 'GOC=arm-none-eabi-gccgo -B/home/nav/workspace/code/stm32f100/projects/025_Newlib_hello/newlib-build/newlib-cygwin/arm-none-eabi/arm/autofp/v5te/fpu/newlib/ -isystem /home/nav/workspace/code/stm32f100/projects/025_Newlib_hello/newlib-build/newlib-cygwin/arm-none-eabi/arm/autofp/v5te/fpu/newlib/targ-include -isystem /home/nav/workspace/code/stm32f100/projects/025_Newlib_hello/newlib-build/newlib-cygwin/newlib/libc/include  -marm -mfpu=auto -march=armv5te+fp -mfloat-abi=hard' 'LD_LIBRARY_PATH=' --cache-file=.././config.cache --srcdir=../../../../../../.././newlib/libc
configure:15363: === configuring in libm (/home/nav/workspace/code/stm32f100/projects/025_Newlib_hello/newlib-build/newlib-cygwin/arm-none-eabi/arm/autofp/v5te/fpu/newlib/libm)
configure:15426: running /bin/sh ../../../../../../.././newlib/libm/configure --disable-option-checking '--prefix=/usr/local'  '--with-multisubdir=arm/autofp/v5te/fpu' '--with-multisrctop=' '--with-newlib' '--enable-multilib' '--with-cross-host=x86_64-pc-linux-gnu' '--disable-newlib-supplied-syscalls' '--disable-libgloss' '--disable-nls' '--program-transform-name=s&^&arm-none-eabi-&' '--with-target-subdir=arm-none-eabi' '--build=x86_64-pc-linux-gnu' '--host=arm-none-eabi' '--target=arm-none-eabi' 'build_alias=x86_64-pc-linux-gnu' 'host_alias=arm-none-eabi' 'target_alias=arm-none-eabi' 'CC=arm-none-eabi-gcc -B/home/nav/workspace/code/stm32f100/projects/025_Newlib_hello/newlib-build/newlib-cygwin/arm-none-eabi/newlib/ -isystem /home/nav/workspace/code/stm32f100/projects/025_Newlib_hello/newlib-build/newlib-cygwin/arm-none-eabi/newlib/targ-include -isystem /home/nav/workspace/code/stm32f100/projects/025_Newlib_hello/newlib-build/newlib-cygwin/newlib/libc/include   ' 'CFLAGS=-g -O2 -DSMALL_MEMORY' 'LDFLAGS=' 'CPPFLAGS=' 'CC=arm-none-eabi-gcc -B/home/nav/workspace/code/stm32f100/projects/025_Newlib_hello/newlib-build/newlib-cygwin/arm-none-eabi/arm/autofp/v5te/fpu/newlib/ -isystem /home/nav/workspace/code/stm32f100/projects/025_Newlib_hello/newlib-build/newlib-cygwin/arm-none-eabi/arm/autofp/v5te/fpu/newlib/targ-include -isystem /home/nav/workspace/code/stm32f100/projects/025_Newlib_hello/newlib-build/newlib-cygwin/newlib/libc/include  -marm -mfpu=auto -march=armv5te+fp -mfloat-abi=hard' 'CXX=arm-none-eabi-c++ -B/home/nav/workspace/code/stm32f100/projects/025_Newlib_hello/newlib-build/newlib-cygwin/arm-none-eabi/arm/autofp/v5te/fpu/newlib/ -isystem /home/nav/workspace/code/stm32f100/projects/025_Newlib_hello/newlib-build/newlib-cygwin/arm-none-eabi/arm/autofp/v5te/fpu/newlib/targ-include -isystem /home/nav/workspace/code/stm32f100/projects/025_Newlib_hello/newlib-build/newlib-cygwin/newlib/libc/include  -marm -mfpu=auto -march=armv5te+fp -mfloat-abi=hard' 'F77= -marm -mfpu=auto -march=armv5te+fp -mfloat-abi=hard' 'GCJ=arm-none-eabi-gcj -B/home/nav/workspace/code/stm32f100/projects/025_Newlib_hello/newlib-build/newlib-cygwin/arm-none-eabi/arm/autofp/v5te/fpu/newlib/ -isystem /home/nav/workspace/code/stm32f100/projects/025_Newlib_hello/newlib-build/newlib-cygwin/arm-none-eabi/arm/autofp/v5te/fpu/newlib/targ-include -isystem /home/nav/workspace/code/stm32f100/projects/025_Newlib_hello/newlib-build/newlib-cygwin/newlib/libc/include  -marm -mfpu=auto -march=armv5te+fp -mfloat-abi=hard' 'GFORTRAN=arm-none-eabi-gfortran -B/home/nav/workspace/code/stm32f100/projects/025_Newlib_hello/newlib-build/newlib-cygwin/arm-none-eabi/arm/autofp/v5te/fpu/newlib/ -isystem /home/nav/workspace/code/stm32f100/projects/025_Newlib_hello/newlib-build/newlib-cygwin/arm-none-eabi/arm/autofp/v5te/fpu/newlib/targ-include -isystem /home/nav/workspace/code/stm32f100/projects/025_Newlib_hello/newlib-build/newlib-cygwin/newlib/libc/include  -marm -mfpu=auto -march=armv5te+fp -mfloat-abi=hard' 'GOC=arm-none-eabi-gccgo -B/home/nav/workspace/code/stm32f100/projects/025_Newlib_hello/newlib-build/newlib-cygwin/arm-none-eabi/arm/autofp/v5te/fpu/newlib/ -isystem /home/nav/workspace/code/stm32f100/projects/025_Newlib_hello/newlib-build/newlib-cygwin/arm-none-eabi/arm/autofp/v5te/fpu/newlib/targ-include -isystem /home/nav/workspace/code/stm32f100/projects/025_Newlib_hello/newlib-build/newlib-cygwin/newlib/libc/include  -marm -mfpu=auto -march=armv5te+fp -mfloat-abi=hard' 'LD_LIBRARY_PATH=' --cache-file=.././config.cache --srcdir=../../../../../../.././newlib/libm

## ---------------- ##
## Cache variables. ##
## ---------------- ##

ac_cv_build=x86_64-pc-linux-gnu
ac_cv_c_compiler_gnu=yes
ac_cv_env_CCASFLAGS_set=
ac_cv_env_CCASFLAGS_value=
ac_cv_env_CCAS_set=
ac_cv_env_CCAS_value=
ac_cv_env_CC_set=set
ac_cv_env_CC_value='arm-none-eabi-gcc -B/home/nav/workspace/code/stm32f100/projects/025_Newlib_hello/newlib-build/newlib-cygwin/arm-none-eabi/arm/autofp/v5te/fpu/newlib/ -isystem /home/nav/workspace/code/stm32f100/projects/025_Newlib_hello/newlib-build/newlib-cygwin/arm-none-eabi/arm/autofp/v5te/fpu/newlib/targ-include -isystem /home/nav/workspace/code/stm32f100/projects/025_Newlib_hello/newlib-build/newlib-cygwin/newlib/libc/include  -marm -mfpu=auto -march=armv5te+fp -mfloat-abi=hard'
ac_cv_env_CFLAGS_set=set
ac_cv_env_CFLAGS_value='-g -O2 -DSMALL_MEMORY'
ac_cv_env_CPPFLAGS_set=set
ac_cv_env_CPPFLAGS_value=
ac_cv_env_CPP_set=
ac_cv_env_CPP_value=
ac_cv_env_LDFLAGS_set=set
ac_cv_env_LDFLAGS_value=
ac_cv_env_LIBS_set=
ac_cv_env_LIBS_value=
ac_cv_env_build_alias_set=set
ac_cv_env_build_alias_value=x86_64-pc-linux-gnu
ac_cv_env_host_alias_set=set
ac_cv_env_host_alias_value=arm-none-eabi
ac_cv_env_target_alias_set=set
ac_cv_env_target_alias_value=arm-none-eabi
ac_cv_host=arm-none-eabi
ac_cv_path_SED=/bin/sed
ac_cv_path_mkdir=/bin/mkdir
ac_cv_prog_AR=arm-none-eabi-ar
ac_cv_prog_AS=arm-none-eabi-as
ac_cv_prog_AWK=gawk
ac_cv_prog_CC='arm-none-eabi-gcc -B/home/nav/workspace/code/stm32f100/projects/025_Newlib_hello/newlib-build/newlib-cygwin/arm-none-eabi/arm/autofp/v5te/fpu/newlib/ -isystem /home/nav/workspace/code/stm32f100/projects/025_Newlib_hello/newlib-build/newlib-cygwin/arm-none-eabi/arm/autofp/v5te/fpu/newlib/targ-include -isystem /home/nav/workspace/code/stm32f100/projects/025_Newlib_hello/newlib-build/newlib-cygwin/newlib/libc/include  -marm -mfpu=auto -march=armv5te+fp -mfloat-abi=hard'
ac_cv_prog_RANLIB=arm-none-eabi-ranlib
ac_cv_prog_READELF=arm-none-eabi-readelf
ac_cv_prog_STRIP=arm-none-eabi-strip
ac_cv_prog_cc_g=no
ac_cv_prog_make_make_set=yes
acnewlib_cv_type_long_double=yes
am_cv_CC_dependencies_compiler_type=gcc3
libc_cv_cc_loop_to_function=yes
libc_cv_initfinit_array=yes
newlib_cv_build_exeext=no
newlib_cv_ldbl_eq_dbl=yes

## ----------------- ##
## Output variables. ##
## ----------------- ##

ACLOCAL='${SHELL} /home/nav/workspace/code/stm32f100/projects/025_Newlib_hello/newlib-build/newlib-cygwin/missing --run aclocal-1.11'
AMDEPBACKSLASH='\'
AMDEP_FALSE='#'
AMDEP_TRUE=''
AMTAR='$${TAR-tar}'
AR='arm-none-eabi-ar'
AS='arm-none-eabi-as'
AUTOCONF='${SHELL} /home/nav/workspace/code/stm32f100/projects/025_Newlib_hello/newlib-build/newlib-cygwin/missing --run autoconf'
AUTOHEADER='${SHELL} /home/nav/workspace/code/stm32f100/projects/025_Newlib_hello/newlib-build/newlib-cygwin/missing --run autoheader'
AUTOMAKE='${SHELL} /home/nav/workspace/code/stm32f100/projects/025_Newlib_hello/newlib-build/newlib-cygwin/missing --run automake-1.11'
AWK='gawk'
CC='arm-none-eabi-gcc -B/home/nav/workspace/code/stm32f100/projects/025_Newlib_hello/newlib-build/newlib-cygwin/arm-none-eabi/arm/autofp/v5te/fpu/newlib/ -isystem /home/nav/workspace/code/stm32f100/projects/025_Newlib_hello/newlib-build/newlib-cygwin/arm-none-eabi/arm/autofp/v5te/fpu/newlib/targ-include -isystem /home/nav/workspace/code/stm32f100/projects/025_Newlib_hello/newlib-build/newlib-cygwin/newlib/libc/include  -marm -mfpu=auto -march=armv5te+fp -mfloat-abi=hard'
CCAS='arm-none-eabi-gcc -B/home/nav/workspace/code/stm32f100/projects/025_Newlib_hello/newlib-build/newlib-cygwin/arm-none-eabi/arm/autofp/v5te/fpu/newlib/ -isystem /home/nav/workspace/code/stm32f100/projects/025_Newlib_hello/newlib-build/newlib-cygwin/arm-none-eabi/arm/autofp/v5te/fpu/newlib/targ-include -isystem /home/nav/workspace/code/stm32f100/projects/025_Newlib_hello/newlib-build/newlib-cygwin/newlib/libc/include  -marm -mfpu=auto -march=armv5te+fp -mfloat-abi=hard'
CCASFLAGS='-g -O2 -DSMALL_MEMORY'
CCDEPMODE='depmode=gcc3'
CC_FOR_BUILD='gcc'
CC_FOR_NEWLIB='arm-none-eabi-gcc -B/home/nav/workspace/code/stm32f100/projects/025_Newlib_hello/newlib-build/newlib-cygwin/arm-none-eabi/arm/autofp/v5te/fpu/newlib/ -isystem /home/nav/workspace/code/stm32f100/projects/025_Newlib_hello/newlib-build/newlib-cygwin/arm-none-eabi/arm/autofp/v5te/fpu/newlib/targ-include -isystem /home/nav/workspace/code/stm32f100/projects/025_Newlib_hello/newlib-build/newlib-cygwin/newlib/libc/include  -marm -mfpu=auto -march=armv5te+fp -mfloat-abi=hard'
CFLAGS='-g -O2 -DSMALL_MEMORY'
CPP=''
CPPFLAGS=''
CRT0=''
CRT0_DIR=''
CRT1=''
CRT1_DIR=''
CYGPATH_W='echo'
DEFS='-DHAVE_CONFIG_H'
DEPDIR='.deps'
DLLTOOL='arm-none-eabi-dlltool'
DSYMUTIL=''
DUMPBIN=''
ECHO_C=''
ECHO_N='-n'
ECHO_T=''
EGREP=''
ELIX_LEVEL_0_FALSE='#'
ELIX_LEVEL_0_TRUE=''
ELIX_LEVEL_1_FALSE=''
ELIX_LEVEL_1_TRUE='#'
ELIX_LEVEL_2_FALSE=''
ELIX_LEVEL_2_TRUE='#'
ELIX_LEVEL_3_FALSE=''
ELIX_LEVEL_3_TRUE='#'
ELIX_LEVEL_4_FALSE=''
ELIX_LEVEL_4_TRUE='#'
EXEEXT=''
EXEEXT_FOR_BUILD=''
EXTRA_DIRS=''
FGREP=''
GREP=''
HAVE_CRT0_FALSE=''
HAVE_CRT0_TRUE='#'
HAVE_DOC_FALSE=''
HAVE_DOC_TRUE='#'
HAVE_LONG_DOUBLE_FALSE='#'
HAVE_LONG_DOUBLE_TRUE=''
HAVE_MULTISUBDIR_FALSE='#'
HAVE_MULTISUBDIR_TRUE=''
INSTALL_DATA='/usr/bin/install -c -m 644'
INSTALL_PROGRAM='/usr/bin/install -c'
INSTALL_SCRIPT='/usr/bin/install -c'
INSTALL_STRIP_PROGRAM='$(install_sh) -c -s'
LD='arm-none-eabi-ld'
LDFLAGS=''
LIBM_MACHINE_OBJECTLIST='libm/machine/arm/objectlist.awk.in'
LIBOBJS=''
LIBS=''
LIBTOOL=''
LIPO='arm-none-eabi-lipo'
LN_S=''
LTLIBOBJS=''
MACHINE_OBJECTLIST='libc/machine/arm/objectlist.awk.in'
MAINT='#'
MAINTAINER_MODE_FALSE=''
MAINTAINER_MODE_TRUE='#'
MAKEINFO='makeinfo --split-size=5000000'
MAY_SUPPLY_SYSCALLS_FALSE=''
MAY_SUPPLY_SYSCALLS_TRUE='#'
MKDIR_P='/bin/mkdir -p'
NEWLIB_CFLAGS='-D_LIBC -fno-builtin -D__NO_SYSCALLS__ -DHAVE_INIT_FINI'
NEWLIB_HW_FP_FALSE=''
NEWLIB_HW_FP_TRUE='#'
NM='arm-none-eabi-nm'
NMEDIT=''
NO_INCLUDE_LIST=' rpc/types.h rpc/xdr.h'
OBJDUMP='arm-none-eabi-objdump'
OBJEXT='o'
OTOOL64=''
OTOOL=''
PACKAGE='newlib'
PACKAGE_BUGREPORT=''
PACKAGE_NAME='newlib'
PACKAGE_STRING='newlib 4.1.0'
PACKAGE_TARNAME='newlib'
PACKAGE_URL=''
PACKAGE_VERSION='4.1.0'
PATH_SEPARATOR=':'
POSIX_OBJECTLIST=''
RANLIB='arm-none-eabi-ranlib'
READELF='arm-none-eabi-readelf'
SED='/bin/sed'
SET_MAKE=''
SHELL='/bin/sh'
SIGNAL_OBJECTLIST='libc/signal/objectlist.awk.in'
STDIO64_OBJECTLIST=''
STRIP='arm-none-eabi-strip'
SYSCALL_OBJECTLIST='libc/syscalls/objectlist.awk.in'
SYS_MACH_OBJECTLIST=''
SYS_OBJECTLIST='libc/sys/arm/objectlist.awk.in'
UNIX_OBJECTLIST=''
USE_LIBTOOL_FALSE=''
USE_LIBTOOL_TRUE='#'
VERSION='4.1.0'
ac_ct_CC=''
ac_ct_DUMPBIN=''
aext='a'
am__EXEEXT_FALSE=''
am__EXEEXT_TRUE='#'
am__fastdepCC_FALSE='#'
am__fastdepCC_TRUE=''
am__include='include'
am__isrc=' -I$(srcdir)'
am__leading_dot='.'
am__nodep='_no'
am__quote=''
am__tar='$${TAR-tar} chof - "$$tardir"'
am__untar='$${TAR-tar} xf -'
bindir='${exec_prefix}/bin'
build='x86_64-pc-linux-gnu'
build_alias='x86_64-pc-linux-gnu'
build_cpu='x86_64'
build_os='linux-gnu'
build_vendor='pc'
datadir='${datarootdir}'
datarootdir='${prefix}/share'
docdir='${datarootdir}/doc/${PACKAGE_TARNAME}'
dvidir='${docdir}'
exec_prefix='${prefix}'
host='arm-none-eabi'
host_alias='arm-none-eabi'
host_cpu='arm'
host_os='eabi'
host_vendor='none'
htmldir='${docdir}'
includedir='${prefix}/include'
infodir='${datarootdir}/info'
install_sh='${SHELL} /home/nav/workspace/code/stm32f100/projects/025_Newlib_hello/newlib-build/newlib-cygwin/install-sh'
libc_cv_cc_loop_to_function='yes'
libc_cv_initfinit_array='yes'
libdir='${exec_prefix}/lib'
libexecdir='${exec_prefix}/libexec'
libm_machine_dir='arm'
localedir='${datarootdir}/locale'
localstatedir='${prefix}/var'
lpfx='lib_a-'
machine_dir='arm'
mandir='${datarootdir}/man'
mkdir_p='/bin/mkdir -p'
newlib_basedir='../../../../../.././newlib/.'
oext='o'
oldincludedir='/usr/include'
pdfdir='${docdir}'
prefix='/usr/local'
program_transform_name='s&^&arm-none-eabi-&'
psdir='${docdir}'
runstatedir='${localstatedir}/run'
sbindir='${exec_prefix}/sbin'
shared_machine_dir=''
sharedstatedir='${prefix}/com'
subdirs=' libc libm'
sys_dir='arm'
sysconfdir='${prefix}/etc'
target_alias='arm-none-eabi'

## ----------- ##
## confdefs.h. ##
## ----------- ##

/* confdefs.h */
#define PACKAGE_NAME "newlib"
#define PACKAGE_TARNAME "newlib"
#define PACKAGE_VERSION "4.1.0"
#define PACKAGE_STRING "newlib 4.1.0"
#define PACKAGE_BUGREPORT ""
#define PACKAGE_URL ""
#define _REENT_CHECK_VERIFY 1
#define _MB_LEN_MAX 1
#define _NEWLIB_VERSION "4.1.0"
#define __NEWLIB__ 4
#define __NEWLIB_MINOR__ 1
#define __NEWLIB_PATCHLEVEL__ 0
#define _ATEXIT_DYNAMIC_ALLOC 1
#define _FVWRITE_IN_STREAMIO 1
#define _FSEEK_OPTIMIZATION 1
#define _WIDE_ORIENT 1
#define _UNBUF_STREAM_OPT 1
#define _WANT_USE_GDTOA 1
#define HAVE_INITFINI_ARRAY 1
#define _HAVE_CC_INHIBIT_LOOP_TO_LIBCALL 1
#define _HAVE_LONG_DOUBLE 1
#define _LDBL_EQ_DBL 1

configure: exit 0
